<?xml version="1.0" encoding="UTF-8"?>
<!-- Generated by org.testng.reporters.JUnitReportReporter -->
<testsuite hostname="Ankit-OS11" failures="0" tests="2" name="com.MyStoreTestCases.TC_ProductPageTest" time="5.776" errors="0" timestamp="2024-08-27T13:41:58 IST" skipped="1">
  <testcase classname="com.MyStoreTestCases.TC_ProductPageTest" name="verifySearchProduct" time="5.776"/>
  <testcase classname="com.MyStoreTestCases.TC_ProductPageTest" name="AddToComparePordWithoutLogin">
    <skipped/>
  </testcase> <!-- AddToComparePordWithoutLogin -->
</testsuite> <!-- com.MyStoreTestCases.TC_ProductPageTest -->
