<?xml version="1.0" encoding="UTF-8"?>
<!-- Generated by org.testng.reporters.JUnitReportReporter -->
<testsuite hostname="Ankit-OS11" failures="0" tests="2" name="com.MyStoreTestCases.TC_MyAccounPageTest" time="3.297" errors="0" timestamp="2024-08-13T14:52:34 IST" skipped="1">
  <testcase classname="com.MyStoreTestCases.TC_MyAccounPageTest" name="VerifyLogin" time="3.297"/>
  <testcase classname="com.MyStoreTestCases.TC_MyAccounPageTest" name="verifyRegistrationAndLogin">
    <skipped/>
  </testcase> <!-- verifyRegistrationAndLogin -->
</testsuite> <!-- com.MyStoreTestCases.TC_MyAccounPageTest -->
