<?xml version="1.0" encoding="UTF-8"?>
<!-- Generated by org.testng.reporters.JUnitReportReporter -->
<testsuite hostname="Ankit-OS11" failures="0" tests="3" name="com.MyStoreTestCases.TC_MyAccounPageTestDataDrivenTesting" time="5.491" errors="0" timestamp="2024-08-27T13:41:58 IST" skipped="1">
  <testcase classname="com.MyStoreTestCases.TC_MyAccounPageTestDataDrivenTesting" name="VerifyLogin" time="3.005"/>
  <testcase classname="com.MyStoreTestCases.TC_MyAccounPageTestDataDrivenTesting" name="VerifyLogin" time="2.486"/>
  <testcase classname="com.MyStoreTestCases.TC_MyAccounPageTestDataDrivenTesting" name="verifyRegistrationAndLogin">
    <skipped/>
  </testcase> <!-- verifyRegistrationAndLogin -->
</testsuite> <!-- com.MyStoreTestCases.TC_MyAccounPageTestDataDrivenTesting -->
